

Version:	3.50
CmdLine:	C:\Users\DELL\eclipse-workspace\MetricApp\src\MetricApp.exe --l4j-debug
JNI:		No
WOW64:		Yes
Working dir:	C:\Users\DELL\eclipse-workspace\MetricApp\src\.
Requires JDK:	No
Requires 64-Bit: No
Java min ver:	1.007.000
Java max ver:	1.009.000
JRE paths:	C:\Program Files\Java\jre-9.0.4
Check launcher:	C:\Program Files\Java\jre-9.0.4\bin\javaw.exe (OK)
Version string: 1.009.000_004 / 64-Bit (Ignore)
64-bit search:	SOFTWARE\JavaSoft\Java Runtime Environment...
32-bit search:	SOFTWARE\JavaSoft\Java Runtime Environment...
64-bit search:	SOFTWARE\JavaSoft\Java Development Kit...
32-bit search:	SOFTWARE\JavaSoft\Java Development Kit...
64-bit search:	SOFTWARE\JavaSoft\JRE...
Check:		SOFTWARE\JavaSoft\JRE\9.0.4
Version string: 1.009.000_004 / 64-Bit (Ignore)
Ignore:		1.009.000_004
32-bit search:	SOFTWARE\JavaSoft\JRE...
64-bit search:	SOFTWARE\JavaSoft\JDK...
Check:		SOFTWARE\JavaSoft\JDK\22
Version string: 1.022.000 / 64-Bit (Ignore)
Ignore:		1.022.000
32-bit search:	SOFTWARE\JavaSoft\JDK...
64-bit search:	SOFTWARE\IBM\Java Runtime Environment...
32-bit search:	SOFTWARE\IBM\Java Runtime Environment...
64-bit search:	SOFTWARE\IBM\Java Development Kit...
32-bit search:	SOFTWARE\IBM\Java Development Kit...
64-bit search:	SOFTWARE\IBM\Java2 Runtime Environment...
32-bit search:	SOFTWARE\IBM\Java2 Runtime Environment...
64-bit search:	SOFTWARE\IBM\Java Development Kit...
32-bit search:	SOFTWARE\IBM\Java Development Kit...
Error msg:	This application requires a Java Runtime Environment 1.7 - 1.9


Version:	3.50
CmdLine:	C:\Users\DELL\eclipse-workspace\MetricApp\src\MetricApp.exe --l4j-debug
JNI:		No
WOW64:		Yes
Working dir:	C:\Users\DELL\eclipse-workspace\MetricApp\src\.
Requires JDK:	No
Requires 64-Bit: Yes
Java min ver:	
Java max ver:	
JRE paths:	C:\Program Files\Java\jre-9.0.4
Check launcher:	C:\Program Files\Java\jre-9.0.4\bin\javaw.exe (OK)
Version string: 1.009.000_004 / 64-Bit (OK)
Launcher:	C:\Program Files\Java\jre-9.0.4\bin\javaw.exe
Launcher args:	--module-path "C:\Users\DELL\Downloads\openjfx-21.0.1_windows-x64_bin-sdk\javafx-sdk-21.0.1\lib" --add-modules javafx.controls,javafx.graphics,javafx.fxml -jar "C:\Users\DELL\eclipse-workspace\MetricApp\src\MetricApp.exe"
Args length:	221/32768 chars
Exit code:	0


Version:	3.50
CmdLine:	C:\Users\DELL\eclipse-workspace\MetricApp\src\MetricApp.exe --l4j-debug
JNI:		No
WOW64:		Yes
Working dir:	C:\Users\DELL\eclipse-workspace\MetricApp\src\.
Requires JDK:	No
Requires 64-Bit: Yes
Java min ver:	
Java max ver:	
JRE paths:	C:\Program Files\Java\jre-9.0.4
Check launcher:	C:\Program Files\Java\jre-9.0.4\bin\javaw.exe (OK)
Version string: 1.009.000_004 / 64-Bit (OK)
Launcher:	C:\Program Files\Java\jre-9.0.4\bin\javaw.exe
Launcher args:	--module-path "C:\Users\DELL\Downloads\openjfx-21.0.1_windows-x64_bin-sdk\javafx-sdk-21.0.1\lib" --add-modules javafx.controls,javafx.graphics,javafx.fxml -jar "C:\Users\DELL\eclipse-workspace\MetricApp\src\MetricApp.exe"
Args length:	221/32768 chars
Exit code:	0


Version:	3.50
CmdLine:	C:\Users\DELL\eclipse-workspace\MetricApp\src\MetricApp.exe --l4j-debug
JNI:		No
WOW64:		Yes
Working dir:	C:\Users\DELL\eclipse-workspace\MetricApp\src\.
Requires JDK:	No
Requires 64-Bit: Yes
Java min ver:	
Java max ver:	
JRE paths:	C:\Program Files\Java\jre-9.0.4
Check launcher:	C:\Program Files\Java\jre-9.0.4\bin\javaw.exe (OK)
Version string: 1.009.000_004 / 64-Bit (OK)
Launcher:	C:\Program Files\Java\jre-9.0.4\bin\javaw.exe
Launcher args:	--module-path "C:\Users\DELL\Downloads\openjfx-21.0.1_windows-x64_bin-sdk\javafx-sdk-21.0.1\lib" --add-modules javafx.controls,javafx.graphics,javafx.fxml -jar "C:\Users\DELL\eclipse-workspace\MetricApp\src\MetricApp.exe"
Args length:	221/32768 chars
Exit code:	0


Version:	3.50
CmdLine:	C:\Users\DELL\eclipse-workspace\MetricApp\src\MetricApp.exe --l4j-debug
JNI:		No
WOW64:		Yes
Working dir:	C:\Users\DELL\eclipse-workspace\MetricApp\src\.
Requires JDK:	No
Requires 64-Bit: Yes
Java min ver:	
Java max ver:	
JRE paths:	C:\Program Files (x86)\Java\jre-1.8
Check launcher:	C:\Program Files (x86)\Java\jre-1.8\bin\javaw.exe (OK)
Version string: 1.008.000_411 / 32-Bit (Ignore)
Error msg:	This application requires a Java Runtime Environment.
Error:		The pipe has been ended.



Version:	3.50
CmdLine:	C:\Users\DELL\eclipse-workspace\MetricApp\src\MetricApp.exe --l4j-debug
JNI:		No
WOW64:		Yes
Working dir:	C:\Users\DELL\eclipse-workspace\MetricApp\src\.
Requires JDK:	No
Requires 64-Bit: Yes
Java min ver:	
Java max ver:	
JRE paths:	C:\Program Files (x86)\Java\jre-1.8
Check launcher:	C:\Program Files (x86)\Java\jre-1.8\bin\javaw.exe (OK)
Version string: 1.008.000_411 / 32-Bit (Ignore)
Error msg:	This application requires a Java Runtime Environment.
Error:		The pipe has been ended.



Version:	3.50
CmdLine:	C:\Users\DELL\eclipse-workspace\MetricApp\src\MetricApp.exe --l4j-debug
JNI:		No
WOW64:		Yes
Working dir:	C:\Users\DELL\eclipse-workspace\MetricApp\src\.
Requires JDK:	No
Requires 64-Bit: Yes
Java min ver:	1.004.000
Java max ver:	
JRE paths:	C:\Program Files (x86)\Java\jre-1.8
Check launcher:	C:\Program Files (x86)\Java\jre-1.8\bin\javaw.exe (OK)
Version string: 1.008.000_411 / 32-Bit (Ignore)
64-bit search:	SOFTWARE\JavaSoft\Java Runtime Environment...
64-bit search:	SOFTWARE\JavaSoft\Java Development Kit...
64-bit search:	SOFTWARE\JavaSoft\JRE...
Check:		SOFTWARE\JavaSoft\JRE\9.0.4
Version string: 1.009.000_004 / 64-Bit (OK)
Check launcher:	C:\Program Files\Java\jre-9.0.4\bin\javaw.exe (OK)
Match:		1.009.000_004
Runtime used:	1.009.000_004 (64-bit)
Launcher:	C:\Program Files\Java\jre-9.0.4\bin\javaw.exe
Launcher args:	--module-path "C:\Users\DELL\Downloads\openjfx-21.0.1_windows-x64_bin-sdk\javafx-sdk-21.0.1\lib" --add-modules javafx.controls,javafx.graphics,javafx.fxml -jar "C:\Users\DELL\eclipse-workspace\MetricApp\src\MetricApp.exe"
Args length:	221/32768 chars
Exit code:	0


Version:	3.50
CmdLine:	C:\Users\DELL\eclipse-workspace\MetricApp\src\MetricApp.exe --l4j-debug
JNI:		No
WOW64:		Yes
Working dir:	C:\Users\DELL\eclipse-workspace\MetricApp\src\.
Requires JDK:	No
Requires 64-Bit: Yes
Java min ver:	1.004.000
Java max ver:	
JRE paths:	C:\Program Files (x86)\Java\jre-1.8
Check launcher:	C:\Program Files (x86)\Java\jre-1.8\bin\javaw.exe (OK)
Version string: 1.008.000_411 / 32-Bit (Ignore)
64-bit search:	SOFTWARE\JavaSoft\Java Runtime Environment...
64-bit search:	SOFTWARE\JavaSoft\Java Development Kit...
64-bit search:	SOFTWARE\JavaSoft\JRE...
Check:		SOFTWARE\JavaSoft\JRE\9.0.4
Version string: 1.009.000_004 / 64-Bit (OK)
Check launcher:	C:\Program Files\Java\jre-9.0.4\bin\javaw.exe (OK)
Match:		1.009.000_004
Runtime used:	1.009.000_004 (64-bit)
Launcher:	C:\Program Files\Java\jre-9.0.4\bin\javaw.exe
Launcher args:	--module-path "C:\Users\DELL\Downloads\openjfx-21.0.1_windows-x64_bin-sdk\javafx-sdk-21.0.1\lib" --add-modules javafx.controls,javafx.graphics,javafx.fxml -jar "C:\Users\DELL\eclipse-workspace\MetricApp\src\MetricApp.exe"
Args length:	221/32768 chars
Exit code:	0


Version:	3.50
CmdLine:	C:\Users\DELL\eclipse-workspace\MetricApp\src\MetricApp.exe --l4j-debug
JNI:		No
WOW64:		Yes
Working dir:	C:\Users\DELL\eclipse-workspace\MetricApp\src\.
Requires JDK:	No
Requires 64-Bit: Yes
Java min ver:	1.004.000
Java max ver:	
JRE paths:	C:\Program Files\Java\jre-9.0.4
Check launcher:	C:\Program Files\Java\jre-9.0.4\bin\javaw.exe (OK)
Version string: 1.009.000_004 / 64-Bit (OK)
Launcher:	C:\Program Files\Java\jre-9.0.4\bin\javaw.exe
Launcher args:	--module-path "C:\Users\DELL\Downloads\openjfx-21.0.1_windows-x64_bin-sdk\javafx-sdk-21.0.1\lib" --add-modules javafx.controls,javafx.graphics,javafx.fxml -jar "C:\Users\DELL\eclipse-workspace\MetricApp\src\MetricApp.exe"
Args length:	221/32768 chars
Exit code:	0


Version:	3.50
CmdLine:	C:\Users\DELL\eclipse-workspace\MetricApp\src\MetricApp.exe --l4j-debug
JNI:		No
WOW64:		Yes
Working dir:	C:\Users\DELL\eclipse-workspace\MetricApp\src\.
Requires JDK:	No
Requires 64-Bit: Yes
Java min ver:	1.004.000
Java max ver:	
JRE paths:	C:\Program Files (x86)\Java\jre-1.8
Check launcher:	C:\Program Files (x86)\Java\jre-1.8\bin\javaw.exe (OK)
Version string: 1.008.000_411 / 32-Bit (Ignore)
64-bit search:	SOFTWARE\JavaSoft\Java Runtime Environment...
64-bit search:	SOFTWARE\JavaSoft\Java Development Kit...
64-bit search:	SOFTWARE\JavaSoft\JRE...
64-bit search:	SOFTWARE\JavaSoft\JDK...
Check:		SOFTWARE\JavaSoft\JDK\22
Version string: 1.022.000 / 64-Bit (OK)
Check launcher:	C:\Program Files\Java\jdk-22\bin\javaw.exe (OK)
Match:		1.022.000
Runtime used:	1.022.000 (64-bit)
Launcher:	C:\Program Files\Java\jdk-22\bin\javaw.exe
Launcher args:	--module-path "C:\Users\DELL\Downloads\openjfx-21.0.1_windows-x64_bin-sdk\javafx-sdk-21.0.1\lib" --add-modules javafx.controls,javafx.graphics,javafx.fxml -jar "C:\Users\DELL\eclipse-workspace\MetricApp\src\MetricApp.exe"
Args length:	221/32768 chars
Exit code:	0


Version:	3.50
CmdLine:	C:\Users\DELL\eclipse-workspace\MetricApp\src\MetricApp.exe --l4j-debug
JNI:		No
WOW64:		Yes
Working dir:	C:\Users\DELL\eclipse-workspace\MetricApp\src\.
Requires JDK:	No
Requires 64-Bit: Yes
Java min ver:	1.004.000
Java max ver:	
JRE paths:	C:\Program Files (x86)\Java\jre-1.8
Check launcher:	C:\Program Files (x86)\Java\jre-1.8\bin\javaw.exe (OK)
Version string: 1.008.000_411 / 32-Bit (Ignore)
64-bit search:	SOFTWARE\JavaSoft\Java Runtime Environment...
64-bit search:	SOFTWARE\JavaSoft\Java Development Kit...
64-bit search:	SOFTWARE\JavaSoft\JRE...
64-bit search:	SOFTWARE\JavaSoft\JDK...
Check:		SOFTWARE\JavaSoft\JDK\22
Version string: 1.022.000 / 64-Bit (OK)
Check launcher:	C:\Program Files\Java\jdk-22\bin\javaw.exe (OK)
Match:		1.022.000
Runtime used:	1.022.000 (64-bit)
Launcher:	C:\Program Files\Java\jdk-22\bin\javaw.exe
Launcher args:	--module-path "C:\Users\DELL\Downloads\openjfx-21.0.1_windows-x64_bin-sdk\javafx-sdk-21.0.1\lib" --add-modules javafx.controls,javafx.graphics,javafx.fxml -jar "C:\Users\DELL\eclipse-workspace\MetricApp\src\MetricApp.exe"
Args length:	221/32768 chars
Exit code:	0


Version:	3.50
CmdLine:	C:\Users\DELL\eclipse-workspace\MetricApp\src\MetricApp.exe --l4j-debug
JNI:		No
WOW64:		Yes
Working dir:	C:\Users\DELL\eclipse-workspace\MetricApp\src\.
Requires JDK:	No
Requires 64-Bit: Yes
Java min ver:	1.004.000
Java max ver:	
JRE paths:	C:\Program Files (x86)\Java\jre-1.8
Check launcher:	C:\Program Files (x86)\Java\jre-1.8\bin\javaw.exe (OK)
Version string: 1.008.000_411 / 32-Bit (Ignore)
64-bit search:	SOFTWARE\JavaSoft\Java Runtime Environment...
64-bit search:	SOFTWARE\JavaSoft\Java Development Kit...
64-bit search:	SOFTWARE\JavaSoft\JRE...
64-bit search:	SOFTWARE\JavaSoft\JDK...
Check:		SOFTWARE\JavaSoft\JDK\22
Version string: 1.022.000 / 64-Bit (OK)
Check launcher:	C:\Program Files\Java\jdk-22\bin\javaw.exe (OK)
Match:		1.022.000
Runtime used:	1.022.000 (64-bit)
Launcher:	C:\Program Files\Java\jdk-22\bin\javaw.exe
Launcher args:	--module-path "C:\Users\DELL\Downloads\openjfx-21.0.1_windows-x64_bin-sdk\javafx-sdk-21.0.1\lib" --add-modules javafx.controls,javafx.graphics,javafx.fxml -jar "C:\Users\DELL\eclipse-workspace\MetricApp\src\MetricApp.exe"
Args length:	221/32768 chars
Exit code:	0


Version:	3.50
CmdLine:	C:\Users\DELL\eclipse-workspace\MetricApp\src\MetricApp.exe --l4j-debug
JNI:		No
WOW64:		Yes
Working dir:	C:\Users\DELL\eclipse-workspace\MetricApp\src\.
Requires JDK:	No
Requires 64-Bit: Yes
Java min ver:	1.004.000
Java max ver:	
JRE paths:	C:\Program Files (x86)\Java\jre-1.8
Check launcher:	C:\Program Files (x86)\Java\jre-1.8\bin\javaw.exe (OK)
Version string: 1.008.000_411 / 32-Bit (Ignore)
64-bit search:	SOFTWARE\JavaSoft\Java Runtime Environment...
64-bit search:	SOFTWARE\JavaSoft\Java Development Kit...
64-bit search:	SOFTWARE\JavaSoft\JRE...
64-bit search:	SOFTWARE\JavaSoft\JDK...
Check:		SOFTWARE\JavaSoft\JDK\22
Version string: 1.022.000 / 64-Bit (OK)
Check launcher:	C:\Program Files\Java\jdk-22\bin\javaw.exe (OK)
Match:		1.022.000
Runtime used:	1.022.000 (64-bit)
Launcher:	C:\Program Files\Java\jdk-22\bin\javaw.exe
Launcher args:	--module-path "C:\Users\DELL\Downloads\openjfx-21.0.1_windows-x64_bin-sdk\javafx-sdk-21.0.1\lib" --add-modules javafx.controls,javafx.graphics,javafx.fxml -jar "C:\Users\DELL\eclipse-workspace\MetricApp\src\MetricApp.exe"
Args length:	221/32768 chars
Exit code:	0
